<?xml version="1.0" encoding="UTF-8"?>
<testng-results ignored="0" total="2" passed="2" failed="0" skipped="0">
  <reporter-output>
  </reporter-output>
  <suite started-at="2020-05-03T19:59:14 IST" name="Default suite" finished-at="2020-05-03T19:59:46 IST" duration-ms="32542">
    <groups>
    </groups>
    <test started-at="2020-05-03T19:59:14 IST" name="Default test" finished-at="2020-05-03T19:59:46 IST" duration-ms="32542">
      <class name="Tests.TestNG_Demo">
        <test-method is-config="true" signature="setUpTest()[pri:0, instance:Tests.TestNG_Demo@1fe20588]" started-at="2020-05-03T19:59:14 IST" name="setUpTest" finished-at="2020-05-03T19:59:36 IST" duration-ms="22235" status="PASS">
          <reporter-output>
          </reporter-output>
        </test-method> <!-- setUpTest -->
        <test-method signature="googleSearch()[pri:0, instance:Tests.TestNG_Demo@1fe20588]" started-at="2020-05-03T19:59:36 IST" name="googleSearch" finished-at="2020-05-03T19:59:44 IST" duration-ms="7771" status="PASS">
          <reporter-output>
          </reporter-output>
        </test-method> <!-- googleSearch -->
        <test-method signature="googleSearch2()[pri:0, instance:Tests.TestNG_Demo@1fe20588]" started-at="2020-05-03T19:59:44 IST" name="googleSearch2" finished-at="2020-05-03T19:59:45 IST" duration-ms="1127" status="PASS">
          <reporter-output>
          </reporter-output>
        </test-method> <!-- googleSearch2 -->
        <test-method is-config="true" signature="tearDownTest()[pri:0, instance:Tests.TestNG_Demo@1fe20588]" started-at="2020-05-03T19:59:45 IST" name="tearDownTest" finished-at="2020-05-03T19:59:46 IST" duration-ms="1268" status="PASS">
          <reporter-output>
          </reporter-output>
        </test-method> <!-- tearDownTest -->
      </class> <!-- Tests.TestNG_Demo -->
    </test> <!-- Default test -->
  </suite> <!-- Default suite -->
</testng-results>
